
> rest-express@1.0.0 dev /home/sidney/Documents/SAMS
> NODE_ENV=development tsx server/index.ts

6:46:12 AM [express] serving on port 5000

A PostCSS plugin did not pass the `from` option to `postcss.parse`. This may cause imported assets to be incorrectly transformed. If you've recently added a PostCSS plugin that raised this warning, please contact the package author to fix the issue.
6:47:02 AM [express] GET /api/analytics/overview 200 in 15ms :: {"balanceTrend":11,"applicationsTren…
6:47:02 AM [express] GET /api/sgms/elections 304 in 687ms :: []
6:47:02 AM [express] GET /api/swsms/applications 304 in 710ms :: []
6:47:03 AM [express] GET /api/chapa360/account 304 in 1348ms :: {"id":"9ffd47ac-b8e3-4820-b220-d6c01…
6:47:06 AM [express] POST /api/auth/logout 200 in 20ms :: {"message":"Logged out successfully"}
6:50:37 AM [express] POST /api/auth/register 200 in 1209ms :: {"user":{"id":"0ddff06d-24c9-4209-887e…
6:50:44 AM [express] POST /api/auth/login 200 in 384ms :: {"user":{"id":"0ddff06d-24c9-4209-887e-6d5…
6:50:44 AM [express] GET /api/admin/chapa360/accounts 200 in 172ms :: [{"id":"c78befc5-f7a0-479b-bb6…
6:50:59 AM [express] GET /api/swsms/timecards 200 in 742ms :: []
6:51:00 AM [express] GET /api/admin/swsms/applications 200 in 159ms :: []
6:51:02 AM [express] GET /api/admin/swsms/timecards 200 in 171ms :: []
6:51:07 AM [express] GET /api/analytics/financial 304 in 7ms :: [{"month":"Jan","balance":15000},{"m…
6:51:07 AM [express] GET /api/analytics/governance 304 in 3ms :: [{"election":"2023 Fall","candidate…
6:51:07 AM [express] GET /api/analytics/work-study 304 in 8ms :: [{"week":"Week 1","hours":12},{"wee…
6:51:15 AM [express] POST /api/auth/logout 200 in 4ms :: {"message":"Logged out successfully"}
6:55:19 AM [express] POST /api/auth/register 200 in 1088ms :: {"user":{"id":"ede02d65-99ce-4ed2-93c3…
6:55:25 AM [express] POST /api/auth/login 200 in 371ms :: {"user":{"id":"ede02d65-99ce-4ed2-93c3-527…
6:55:49 AM [express] GET /api/sgms/handovers 304 in 650ms :: []
6:55:53 AM [express] GET /api/admin/sgms/elections 403 in 6ms :: {"error":"Insufficient permissions"}
7:39:37 AM [express] GET /api/admin/sgms/elections 403 in 14ms :: {"error":"Insufficient permissions…
